Determining if the pthread_create exist failed with the following output:
Change Dir: /homes/jt1712/3rdYear/graphics/cgcoursework2015/CMakeFiles/CMakeTmp

Run Build Command:/usr/bin/make "cmTryCompileExec3753292574/fast"
/usr/bin/make -f CMakeFiles/cmTryCompileExec3753292574.dir/build.make CMakeFiles/cmTryCompileExec3753292574.dir/build
make[1]: Entering directory `/homes/jt1712/3rdYear/graphics/cgcoursework2015/CMakeFiles/CMakeTmp'
/usr/bin/cmake -E cmake_progress_report /homes/jt1712/3rdYear/graphics/cgcoursework2015/CMakeFiles/CMakeTmp/CMakeFiles 1
Building C object CMakeFiles/cmTryCompileExec3753292574.dir/CheckSymbolExists.c.o
/usr/bin/cc    -o CMakeFiles/cmTryCompileExec3753292574.dir/CheckSymbolExists.c.o   -c /homes/jt1712/3rdYear/graphics/cgcoursework2015/CMakeFiles/CMakeTmp/CheckSymbolExists.c
Linking C executable cmTryCompileExec3753292574
/usr/bin/cmake -E cmake_link_script CMakeFiles/cmTryCompileExec3753292574.dir/link.txt --verbose=1
/usr/bin/cc       CMakeFiles/cmTryCompileExec3753292574.dir/CheckSymbolExists.c.o  -o cmTryCompileExec3753292574 -rdynamic 
CMakeFiles/cmTryCompileExec3753292574.dir/CheckSymbolExists.c.o: In function `main':
CheckSymbolExists.c:(.text+0x16): undefined reference to `pthread_create'
collect2: error: ld returned 1 exit status
make[1]: *** [cmTryCompileExec3753292574] Error 1
make[1]: Leaving directory `/homes/jt1712/3rdYear/graphics/cgcoursework2015/CMakeFiles/CMakeTmp'
make: *** [cmTryCompileExec3753292574/fast] Error 2

File /homes/jt1712/3rdYear/graphics/cgcoursework2015/CMakeFiles/CMakeTmp/CheckSymbolExists.c:
/* */
#include <pthread.h>

int main(int argc, char** argv)
{
  (void)argv;
#ifndef pthread_create
  return ((int*)(&pthread_create))[argc];
#else
  (void)argc;
  return 0;
#endif
}

Determining if the function pthread_create exists in the pthreads failed with the following output:
Change Dir: /homes/jt1712/3rdYear/graphics/cgcoursework2015/CMakeFiles/CMakeTmp

Run Build Command:/usr/bin/make "cmTryCompileExec4032170854/fast"
/usr/bin/make -f CMakeFiles/cmTryCompileExec4032170854.dir/build.make CMakeFiles/cmTryCompileExec4032170854.dir/build
make[1]: Entering directory `/homes/jt1712/3rdYear/graphics/cgcoursework2015/CMakeFiles/CMakeTmp'
/usr/bin/cmake -E cmake_progress_report /homes/jt1712/3rdYear/graphics/cgcoursework2015/CMakeFiles/CMakeTmp/CMakeFiles 1
Building C object CMakeFiles/cmTryCompileExec4032170854.dir/CheckFunctionExists.c.o
/usr/bin/cc   -DCHECK_FUNCTION_EXISTS=pthread_create   -o CMakeFiles/cmTryCompileExec4032170854.dir/CheckFunctionExists.c.o   -c /usr/share/cmake-2.8/Modules/CheckFunctionExists.c
Linking C executable cmTryCompileExec4032170854
/usr/bin/cmake -E cmake_link_script CMakeFiles/cmTryCompileExec4032170854.dir/link.txt --verbose=1
/usr/bin/cc   -DCHECK_FUNCTION_EXISTS=pthread_create    CMakeFiles/cmTryCompileExec4032170854.dir/CheckFunctionExists.c.o  -o cmTryCompileExec4032170854 -rdynamic -lpthreads 
/usr/bin/ld: cannot find -lpthreads
collect2: error: ld returned 1 exit status
make[1]: *** [cmTryCompileExec4032170854] Error 1
make[1]: Leaving directory `/homes/jt1712/3rdYear/graphics/cgcoursework2015/CMakeFiles/CMakeTmp'
make: *** [cmTryCompileExec4032170854/fast] Error 2


